icon-theme.cache/icon-theme.cache : close of redirection that was never opened
icons.html.sh/icons.html.sh : close of redirection that was never opened
smooth_icons.awk/smooth_icons.awk : close of redirection that was never opened
win2k_icons.awk/win2k_icons.awk : close of redirection that was never opened
fix_ln.awk/fix_ln.awk : close of redirection that was never opened
places/scalable/user-trash-symbolic.svg : close of redirection that was never opened
places/scalable/gnome-fs-share.icon : close of redirection that was never opened
places/scalable/folder-home.svg : close of redirection that was never opened
places/scalable/user-trash-full.svg : close of redirection that was never opened
places/scalable/gnome-fs-nfs.icon : close of redirection that was never opened
places/scalable/folder-remote.icon : close of redirection that was never opened
places/scalable/network.icon : close of redirection that was never opened
places/scalable/mail-mailbox.svg : close of redirection that was never opened
places/scalable/bookmark-missing.svg : close of redirection that was never opened
places/scalable/gnome-fs-smb.icon : close of redirection that was never opened
places/scalable/xfce-trash_empty.svg : close of redirection that was never opened
places/scalable/gnome-fs-ssh.icon : close of redirection that was never opened
places/scalable/application-x-gnome-saved-search.svg : close of redirection that was never opened
places/scalable/folder-ubuntuone.svg : close of redirection that was never opened
places/scalable/gnome-fs-bookmark-missing.svg : close of redirection that was never opened
places/scalable/user-bookmarks-symbolic.svg : close of redirection that was never opened
places/scalable/mail-outbox.old : close of redirection that was never opened
places/scalable/folder.icon : close of redirection that was never opened
places/scalable/gnome-mime-x-directory-smb-share.icon : close of redirection that was never opened
places/scalable/user-home.svg : close of redirection that was never opened
places/scalable/folders-documents.svg : close of redirection that was never opened
places/scalable/gnome-fs-bookmark.svg : close of redirection that was never opened
places/scalable/folder-recent.svg : close of redirection that was never opened
index.theme/index.theme : close of redirection that was never opened
template/template : close of redirection that was never opened
sharp_icons.awk/sharp_icons.awk : close of redirection that was never opened
README.md/README.md : close of redirection that was never opened
upd.sh/upd.sh : close of redirection that was never opened
table_grassmunk/table_grassmunk : close of redirection that was never opened
actions/scalable/gnome-stock-mail-new.svg : close of redirection that was never opened
actions/scalable/help-faq.svg : close of redirection that was never opened
actions/scalable/gtk-print-report.svg : close of redirection that was never opened
actions/scalable/contact-new.svg : close of redirection that was never opened
actions/scalable/gtk-close.svg : close of redirection that was never opened
actions/scalable/viewmag1.svg : close of redirection that was never opened
actions/scalable/media-seek-forward.svg : close of redirection that was never opened
actions/scalable/go-jump.svg : close of redirection that was never opened
actions/scalable/list-add.svg : close of redirection that was never opened
actions/scalable/go-last.svg : close of redirection that was never opened
actions/scalable/player_eject.svg : close of redirection that was never opened
actions/scalable/jockey-proprietary.svg : close of redirection that was never opened
actions/scalable/stock_zoom-page.svg : close of redirection that was never opened
actions/scalable/stock_new-address-book.svg : close of redirection that was never opened
actions/scalable/gtk-zoom-out.svg : close of redirection that was never opened
actions/scalable/format-justify-fill.svg : close of redirection that was never opened
actions/scalable/edit-find.svg : close of redirection that was never opened
actions/scalable/edit-undo.svg : close of redirection that was neve